make all --print-data-base --no-builtin-variables --no-builtin-rules --question
make: *** No rule to make target 'compile', needed by 'all'.  Stop.

# GNU Make 4.1
# Built for x86_64-pc-linux-gnu
# Copyright (C) 1988-2014 Free Software Foundation, Inc.
# License GPLv3+: GNU GPL version 3 or later <http://gnu.org/licenses/gpl.html>
# This is free software: you are free to change and redistribute it.
# There is NO WARRANTY, to the extent permitted by law.

# Make data base, printed on Tue May 10 03:20:49 2022

# Variables

# automatic
<D = $(patsubst %/,%,$(dir $<))
# automatic
?F = $(notdir $?)
# default
.SHELLFLAGS := -c
# environment
VSCODE_AGENT_FOLDER = /home/zq/.vscode-server
# environment
VSCODE_LOG_NATIVE = false
# automatic
?D = $(patsubst %/,%,$(dir $?))
# automatic
@D = $(patsubst %/,%,$(dir $@))
# automatic
@F = $(notdir $@)
# default
MAKE_VERSION := 4.1
# makefile
CURDIR := /home/zq/workspace/chat
# makefile
SHELL = /bin/sh
# environment
VSCODE_NLS_CONFIG = {"locale":"en","availableLanguages":{}}
# environment
_ = /home/zq/.vscode-server/bin/57fd6d0195bb9b9d1b49f6da5db789060795de47/node
# makefile (from 'Makefile', line 1)
MAKEFILE_LIST :=  Makefile
# makefile (from 'Makefile', line 13)
NPM = npm
# 'override' directive
GNUMAKEFLAGS := 
# environment
XDG_DATA_DIRS = /usr/local/share:/usr/share:/var/lib/snapd/desktop
# environment
VSCODE_AMD_ENTRYPOINT = vs/workbench/api/node/extensionHostProcess
# environment
DBUS_SESSION_BUS_ADDRESS = unix:path=/run/user/1004/bus
# environment
VSCODE_VERBOSE_LOGGING = true
# environment
LESSOPEN = | /usr/bin/lesspipe %s
# environment
VSCODE_CWD = /home/zq
# environment
GOPROXY = https://goproxy.cn,https://gocenter.io,https://goproxy.io,direct
# environment
SSH_CONNECTION = 192.168.7.172 47710 192.168.7.166 1320
# environment
PATH = /home/zq/.vscode-server/bin/57fd6d0195bb9b9d1b49f6da5db789060795de47/bin/remote-cli:/home/zq/.local/bin:/home/zq/gems/bin:/usr/local/sbin:/usr/local/bin:/usr/sbin:/usr/bin:/sbin:/bin:/usr/games:/usr/local/games:/snap/bin:/usr/local/go/bin:/home/zq/go/bin
# makefile (from 'Makefile', line 6)
LIBJITSIMEET_DIR = node_modules/lib-jitsi-meet/
# environment
XDG_RUNTIME_DIR = /run/user/1004
# makefile (from 'Makefile', line 15)
STYLES_BUNDLE = css/all.bundle.css
# environment
GOPATH = /home/zq/go
# environment
VSCODE_LOG_STACK = false
# default
.FEATURES := target-specific order-only second-expansion else-if shortest-stem undefine oneshell archives jobserver output-sync check-symlink load
# environment
LS_COLORS = 
# makefile (from 'Makefile', line 4)
CLEANCSS = ./node_modules/.bin/cleancss
# makefile (from 'Makefile', line 12)
NODE_SASS = ./node_modules/.bin/sass
# automatic
%F = $(notdir $%)
# makefile (from 'Makefile', line 19)
WEBPACK_DEV_SERVER = ./node_modules/.bin/webpack-dev-server
# environment
VSCODE_PIPE_LOGGING = true
# environment
PWD = /home/zq/workspace/chat
# environment
VSCODE_IPC_HOOK_CLI = /run/user/1004/vscode-ipc-b6e0367f-918e-4dc9-a286-ae2b737502bc.sock
# environment
GEM_HOME = /home/zq/gems
# makefile (from 'Makefile', line 11)
MEET_MODELS_DIR = react/features/stream-effects/virtual-background/vendor/models/
# automatic
*D = $(patsubst %/,%,$(dir $*))
# environment
GOMODCACHE = /home/zq/go/pkg/mod
# environment
HOME = /home/zq
# environment
LESSCLOSE = /usr/bin/lesspipe %s %s
# environment
LOGNAME = zq
# environment
APPLICATION_INSIGHTS_NO_DIAGNOSTIC_CHANNEL = true
# automatic
+F = $(notdir $+)
# makefile (from 'Makefile', line 9)
RNNOISE_WASM_DIR = node_modules/rnnoise-wasm/dist/
# environment
VSCODE_HANDLES_UNCAUGHT_ERRORS = true
# automatic
^D = $(patsubst %/,%,$(dir $^))
# makefile (from 'Makefile', line 5)
DEPLOY_DIR = libs
# environment
MAKELEVEL := 0
# makefile (from 'Makefile', line 14)
OUTPUT_DIR = .
# default
MAKE = $(MAKE_COMMAND)
# default
MAKECMDGOALS := all
# environment
SHLVL = 3
# makefile (from 'Makefile', line 3)
BUILD_DIR = build
# environment
XDG_SESSION_ID = 3829
# environment
USER = zq
# makefile
.DEFAULT_GOAL := all
# makefile (from 'Makefile', line 10)
TFLITE_WASM = react/features/stream-effects/virtual-background/vendor/tflite
# automatic
%D = $(patsubst %/,%,$(dir $%))
# default
MAKE_COMMAND := make
# default
.VARIABLES := 
# automatic
*F = $(notdir $*)
# makefile
MAKEFLAGS = pqrR
# environment
MFLAGS = -pqrR
# environment
SSH_CLIENT = 192.168.7.172 47710 1320
# environment
MAIL = /var/mail/zq
# automatic
+D = $(patsubst %/,%,$(dir $+))
# environment
BROWSER = /home/zq/.vscode-server/bin/57fd6d0195bb9b9d1b49f6da5db789060795de47/bin/helpers/browser.sh
# environment
S_COLORS = auto
# environment
VSCODE_HANDLES_SIGPIPE = true
# makefile (from 'Makefile', line 18)
WEBPACK = ./node_modules/.bin/webpack
# default
MAKEFILES := 
# automatic
<F = $(notdir $<)
# makefile (from 'Makefile', line 8)
OLM_DIR = node_modules/@matrix-org/olm
# environment
LC_ALL = C
# automatic
^F = $(notdir $^)
# makefile (from 'Makefile', line 16)
STYLES_DESTINATION = css/all.css
# default
SUFFIXES := 
# makefile (from 'Makefile', line 7)
LIBFLAC_DIR = node_modules/libflacjs/dist/min/
# default
.INCLUDE_DIRS = /usr/include /usr/local/include /usr/include
# makefile (from 'Makefile', line 17)
STYLES_MAIN = css/main.scss
# default
.RECIPEPREFIX := 
# default
MAKE_HOST := x86_64-pc-linux-gnu
# environment
LANG = C
# environment
VSCODE_EXTHOST_WILL_SEND_SOCKET = true
# variable set hash-table stats:
# Load=89/1024=9%, Rehash=0, Collisions=12/114=11%

# Pattern-specific Variable Values

# No pattern-specific variable values.

# Directories

# . (device 64769, inode 69640505): 17 files, no impossibilities.

# 17 files, no impossibilities in 1 directories.

# Implicit Rules

# No implicit rules.

# Files

all: compile deploy clean
#  Command line target.
#  Implicit rule search has been done.
#  File does not exist.
#  File has not been updated.

# Not a target:
Makefile:
#  Implicit rule search has been done.
#  Last modified 2022-04-04 06:20:44.041943933
#  File has been updated.
#  Successfully updated.

# Not a target:
compile:
#  Implicit rule search has been done.
#  File does not exist.
#  File has not been updated.

# Not a target:
.DEFAULT:
#  Implicit rule search has not been done.
#  Modification time never checked.
#  File has not been updated.

clean:
#  Implicit rule search has not been done.
#  Modification time never checked.
#  File has not been updated.
#  recipe to execute (from 'Makefile', line 24):
	rm -fr $(BUILD_DIR)

# Not a target:
deploy:
#  Implicit rule search has not been done.
#  Modification time never checked.
#  File has not been updated.

# files hash-table stats:
# Load=7/1024=1%, Rehash=0, Collisions=0/22=0%
# VPATH Search Paths

# No 'vpath' search paths.

# No general ('VPATH' variable) search path.

# strcache buffers: 1 (0) / strings = 24 / storage = 208 B / avg = 8 B
# current buf: size = 8162 B / used = 208 B / count = 24 / avg = 8 B

# strcache performance: lookups = 33 / hit rate = 27%
# hash-table stats:
# Load=24/8192=0%, Rehash=0, Collisions=1/33=3%
# Finished Make data base on Tue May 10 03:20:49 2022

 
